<?xml version="1.0" encoding="UTF-8"?>
<!-- Generated by org.testng.reporters.JUnitReportReporter -->
<testsuite skipped="0" hostname="Imtiaz" name="com.crm.qa.testcases.ContactsPageTest" tests="6" failures="0" timestamp="07 Mar 2019 07:29:18 GMT" time="201.638" errors="0">
  <testcase name="verifyContactsPageLabel" time="31.964" classname="com.crm.qa.testcases.ContactsPageTest"/>
  <testcase name="selectSingleContactsByName" time="32.281" classname="com.crm.qa.testcases.ContactsPageTest"/>
  <testcase name="selectMultipleContactsByName" time="30.750" classname="com.crm.qa.testcases.ContactsPageTest"/>
  <testcase name="validateCreateNewContactsTest" time="34.575" classname="com.crm.qa.testcases.ContactsPageTest"/>
  <testcase name="validateCreateNewContactsTest" time="36.760" classname="com.crm.qa.testcases.ContactsPageTest"/>
  <testcase name="validateCreateNewContactsTest" time="35.308" classname="com.crm.qa.testcases.ContactsPageTest"/>
</testsuite> <!-- com.crm.qa.testcases.ContactsPageTest -->
