<?xml version="1.0" encoding="UTF-8"?>
<!-- Generated by org.testng.reporters.JUnitReportReporter -->
<testsuite skipped="0" hostname="Imtiaz" name="com.crm.qa.testcases.LoginPageTest" tests="2" failures="0" timestamp="07 Mar 2019 07:29:18 GMT" time="62.818" errors="0">
  <testcase name="loginPageTitleTest" time="28.147" classname="com.crm.qa.testcases.LoginPageTest"/>
  <testcase name="login" time="34.671" classname="com.crm.qa.testcases.LoginPageTest"/>
</testsuite> <!-- com.crm.qa.testcases.LoginPageTest -->
